app/build/intermediates/manifest_merge_blame_file/debug/manifest-merger-blame-debug-report.txt
1<?xml version="1.0" encoding="utf-8"?>
2<manifest xmlns:android="http://schemas.android.com/apk/res/android"
3    package="ptit.kl.musicplayer"
4    android:versionCode="1"
5    android:versionName="1.0" >
6
7    <uses-sdk
8        android:minSdkVersion="24"
8-->src/main/AndroidManifest.xml
9        android:targetSdkVersion="28" />
9-->src/main/AndroidManifest.xml
10
11    <uses-permission android:name="android.permission.READ_EXTERNAL_STORAGE" />
11-->src/main/AndroidManifest.xml:5:5-80
11-->src/main/AndroidManifest.xml:5:22-77
12    <uses-permission android:name="android.permission.WRITE_EXTERNAL_STORAGE" />
12-->src/main/AndroidManifest.xml:6:5-81
12-->src/main/AndroidManifest.xml:6:22-78
13    <uses-permission android:name="android.permission.FOREGROUND_SERVICE" />
13-->src/main/AndroidManifest.xml:7:5-77
13-->src/main/AndroidManifest.xml:7:22-74
14    <uses-permission android:name="android.permission.INTERNET" />
14-->src/main/AndroidManifest.xml:8:5-67
14-->src/main/AndroidManifest.xml:8:22-64
15
16    <application
16-->src/main/AndroidManifest.xml:10:5-41:19
17        android:allowBackup="true"
17-->src/main/AndroidManifest.xml:11:9-35
18        android:appComponentFactory="android.support.v4.app.CoreComponentFactory"
18-->[com.android.support:support-compat:28.0.0] AndroidManifest.xml:22:18-91
19        android:debuggable="true"
20        android:extractNativeLibs="false"
21        android:icon="@mipmap/ic_launcher"
21-->src/main/AndroidManifest.xml:12:9-43
22        android:label="@string/app_name"
22-->src/main/AndroidManifest.xml:13:9-41
23        android:roundIcon="@mipmap/ic_launcher_round"
23-->src/main/AndroidManifest.xml:14:9-54
24        android:supportsRtl="true"
24-->src/main/AndroidManifest.xml:15:9-35
25        android:testOnly="true"
26        android:theme="@style/AppTheme" >
26-->src/main/AndroidManifest.xml:16:9-40
27        <activity android:name="ptit.kl.musicplayer.View.WebSearch" />
27-->src/main/AndroidManifest.xml:17:9-80
27-->src/main/AndroidManifest.xml:17:19-68
28        <activity android:name="ptit.kl.musicplayer.View.AddToPlayList" />
28-->src/main/AndroidManifest.xml:18:9-84
28-->src/main/AndroidManifest.xml:18:19-72
29        <activity android:name="ptit.kl.musicplayer.View.ListMusic" />
29-->src/main/AndroidManifest.xml:19:9-80
29-->src/main/AndroidManifest.xml:19:19-68
30        <activity
30-->src/main/AndroidManifest.xml:20:9-28:20
31            android:name="ptit.kl.musicplayer.View.MainActivity"
31-->src/main/AndroidManifest.xml:21:13-65
32            android:theme="@style/AppTheme.NoActionBar" >
32-->src/main/AndroidManifest.xml:22:13-56
33            <intent-filter>
33-->src/main/AndroidManifest.xml:23:13-27:29
34                <action android:name="android.intent.action.MAIN" />
34-->src/main/AndroidManifest.xml:24:17-69
34-->src/main/AndroidManifest.xml:24:25-66
35
36                <category android:name="android.intent.category.LAUNCHER" />
36-->src/main/AndroidManifest.xml:26:17-77
36-->src/main/AndroidManifest.xml:26:27-74
37            </intent-filter>
38        </activity>
39        <activity
39-->src/main/AndroidManifest.xml:29:9-31:59
40            android:name="ptit.kl.musicplayer.View.MainPlayer"
40-->src/main/AndroidManifest.xml:30:13-63
41            android:theme="@style/AppTheme.NoActionBar" />
41-->src/main/AndroidManifest.xml:31:13-56
42
43        <service
43-->src/main/AndroidManifest.xml:33:9-36:39
44            android:name="ptit.kl.musicplayer.Service.MusicService"
44-->src/main/AndroidManifest.xml:34:13-68
45            android:enabled="true"
45-->src/main/AndroidManifest.xml:35:13-35
46            android:exported="true" />
46-->src/main/AndroidManifest.xml:36:13-36
47
48        <activity
48-->src/main/AndroidManifest.xml:38:9-40:68
49            android:name="ptit.kl.musicplayer.View.Search"
49-->src/main/AndroidManifest.xml:39:13-59
50            android:theme="@style/AppTheme.NoActionBar" />
50-->src/main/AndroidManifest.xml:40:13-56
51    </application>
52
53</manifest>